This is pdfTeX, Version 3.14159265-2.6-1.40.19 (TeX Live 2019/dev/Debian) (preloaded format=pdflatex 2018.11.13)  14 NOV 2018 12:01
entering extended mode
 restricted \write18 enabled.
 %&-line parsing enabled.
**manual.tex
(./manual.tex
LaTeX2e <2018-04-01> patch level 5
(./manual.cls
Document Class: manual 
(/usr/share/texlive/texmf-dist/tex/latex/base/article.cls
Document Class: article 2014/09/29 v1.4h Standard LaTeX document class
(/usr/share/texlive/texmf-dist/tex/latex/base/size10.clo
File: size10.clo 2014/09/29 v1.4h Standard LaTeX file (size option)
)
\c@part=\count80
\c@section=\count81
\c@subsection=\count82
\c@subsubsection=\count83
\c@paragraph=\count84
\c@subparagraph=\count85
\c@figure=\count86
\c@table=\count87
\abovecaptionskip=\skip41
\belowcaptionskip=\skip42
\bibindent=\dimen102
)
(/usr/share/texlive/texmf-dist/tex/latex/geometry/geometry.sty
Package: geometry 2018/04/16 v5.8 Page Geometry

(/usr/share/texlive/texmf-dist/tex/latex/graphics/keyval.sty
Package: keyval 2014/10/28 v1.15 key=value parser (DPC)
\KV@toks@=\toks14
)
(/usr/share/texlive/texmf-dist/tex/generic/oberdiek/ifpdf.sty
Package: ifpdf 2018/09/07 v3.3 Provides the ifpdf switch
)
(/usr/share/texlive/texmf-dist/tex/generic/oberdiek/ifvtex.sty
Package: ifvtex 2016/05/16 v1.6 Detect VTeX and its facilities (HO)
Package ifvtex Info: VTeX not detected.
)
(/usr/share/texlive/texmf-dist/tex/generic/ifxetex/ifxetex.sty
Package: ifxetex 2010/09/12 v0.6 Provides ifxetex conditional
)
\Gm@cnth=\count88
\Gm@cntv=\count89
\c@Gm@tempcnt=\count90
\Gm@bindingoffset=\dimen103
\Gm@wd@mp=\dimen104
\Gm@odd@mp=\dimen105
\Gm@even@mp=\dimen106
\Gm@layoutwidth=\dimen107
\Gm@layoutheight=\dimen108
\Gm@layouthoffset=\dimen109
\Gm@layoutvoffset=\dimen110
\Gm@dimlist=\toks15
)
(/usr/share/texlive/texmf-dist/tex/latex/base/inputenc.sty
Package: inputenc 2018/04/06 v1.3b Input encoding file
\inpenc@prehook=\toks16
\inpenc@posthook=\toks17
)
(/usr/share/texlive/texmf-dist/tex/latex/setspace/setspace.sty
Package: setspace 2011/12/19 v6.7a set line spacing
)
(/usr/share/texlive/texmf-dist/tex/latex/hyperref/hyperref.sty
Package: hyperref 2018/09/30 v6.88a Hypertext links for LaTeX

(/usr/share/texlive/texmf-dist/tex/generic/oberdiek/hobsub-hyperref.sty
Package: hobsub-hyperref 2016/05/16 v1.14 Bundle oberdiek, subset hyperref (HO)


(/usr/share/texlive/texmf-dist/tex/generic/oberdiek/hobsub-generic.sty
Package: hobsub-generic 2016/05/16 v1.14 Bundle oberdiek, subset generic (HO)
Package: hobsub 2016/05/16 v1.14 Construct package bundles (HO)
Package: infwarerr 2016/05/16 v1.4 Providing info/warning/error messages (HO)
Package: ltxcmds 2016/05/16 v1.23 LaTeX kernel commands for general use (HO)
Package: ifluatex 2016/05/16 v1.4 Provides the ifluatex switch (HO)
Package ifluatex Info: LuaTeX not detected.
Package hobsub Info: Skipping package `ifvtex' (already loaded).
Package: intcalc 2016/05/16 v1.2 Expandable calculations with integers (HO)
Package hobsub Info: Skipping package `ifpdf' (already loaded).
Package: etexcmds 2016/05/16 v1.6 Avoid name clashes with e-TeX commands (HO)
Package: kvsetkeys 2016/05/16 v1.17 Key value parser (HO)
Package: kvdefinekeys 2016/05/16 v1.4 Define keys (HO)
Package: pdftexcmds 2018/09/10 v0.29 Utility functions of pdfTeX for LuaTeX (HO
)
Package pdftexcmds Info: LuaTeX not detected.
Package pdftexcmds Info: \pdf@primitive is available.
Package pdftexcmds Info: \pdf@ifprimitive is available.
Package pdftexcmds Info: \pdfdraftmode found.
Package: pdfescape 2016/05/16 v1.14 Implements pdfTeX's escape features (HO)
Package: bigintcalc 2016/05/16 v1.4 Expandable calculations on big integers (HO
)
Package: bitset 2016/05/16 v1.2 Handle bit-vector datatype (HO)
Package: uniquecounter 2016/05/16 v1.3 Provide unlimited unique counter (HO)
)
Package hobsub Info: Skipping package `hobsub' (already loaded).
Package: letltxmacro 2016/05/16 v1.5 Let assignment for LaTeX macros (HO)
Package: hopatch 2016/05/16 v1.3 Wrapper for package hooks (HO)
Package: xcolor-patch 2016/05/16 xcolor patch
Package: atveryend 2016/05/16 v1.9 Hooks at the very end of document (HO)
Package atveryend Info: \enddocument detected (standard20110627).
Package: atbegshi 2016/06/09 v1.18 At begin shipout hook (HO)
Package: refcount 2016/05/16 v3.5 Data extraction from label references (HO)
Package: hycolor 2016/05/16 v1.8 Color options for hyperref/bookmark (HO)
)
(/usr/share/texlive/texmf-dist/tex/latex/oberdiek/auxhook.sty
Package: auxhook 2016/05/16 v1.4 Hooks for auxiliary files (HO)
)
(/usr/share/texlive/texmf-dist/tex/latex/oberdiek/kvoptions.sty
Package: kvoptions 2016/05/16 v3.12 Key value format for package options (HO)
)
\@linkdim=\dimen111
\Hy@linkcounter=\count91
\Hy@pagecounter=\count92

(/usr/share/texlive/texmf-dist/tex/latex/hyperref/pd1enc.def
File: pd1enc.def 2018/09/30 v6.88a Hyperref: PDFDocEncoding definition (HO)
Now handling font encoding PD1 ...
... no UTF-8 mapping file for font encoding PD1
)
\Hy@SavedSpaceFactor=\count93

(/usr/share/texlive/texmf-dist/tex/latex/latexconfig/hyperref.cfg
File: hyperref.cfg 2002/06/06 v1.2 hyperref configuration of TeXLive
)
Package hyperref Info: Option `colorlinks' set `true' on input line 4409.
Package hyperref Info: Hyper figures OFF on input line 4535.
Package hyperref Info: Link nesting OFF on input line 4540.
Package hyperref Info: Hyper index ON on input line 4543.
Package hyperref Info: Plain pages OFF on input line 4550.
Package hyperref Info: Backreferencing OFF on input line 4555.
Package hyperref Info: Implicit mode ON; LaTeX internals redefined.
Package hyperref Info: Bookmarks ON on input line 4788.
\c@Hy@tempcnt=\count94

(/usr/share/texlive/texmf-dist/tex/latex/url/url.sty
\Urlmuskip=\muskip10
Package: url 2013/09/16  ver 3.4  Verb mode for urls, etc.
)
LaTeX Info: Redefining \url on input line 5141.
\XeTeXLinkMargin=\dimen112
\Fld@menulength=\count95
\Field@Width=\dimen113
\Fld@charsize=\dimen114
Package hyperref Info: Hyper figures OFF on input line 6396.
Package hyperref Info: Link nesting OFF on input line 6401.
Package hyperref Info: Hyper index ON on input line 6404.
Package hyperref Info: backreferencing OFF on input line 6411.
Package hyperref Info: Link coloring ON on input line 6414.
Package hyperref Info: Link coloring with OCG OFF on input line 6421.
Package hyperref Info: PDF/A mode OFF on input line 6426.
LaTeX Info: Redefining \ref on input line 6466.
LaTeX Info: Redefining \pageref on input line 6470.
\Hy@abspage=\count96
\c@Item=\count97
\c@Hfootnote=\count98
)
Package hyperref Info: Driver (autodetected): hpdftex.

(/usr/share/texlive/texmf-dist/tex/latex/hyperref/hpdftex.def
File: hpdftex.def 2018/09/30 v6.88a Hyperref driver for pdfTeX
\Fld@listcount=\count99
\c@bookmark@seq@number=\count100

(/usr/share/texlive/texmf-dist/tex/latex/oberdiek/rerunfilecheck.sty
Package: rerunfilecheck 2016/05/16 v1.8 Rerun checks for auxiliary files (HO)
Package uniquecounter Info: New unique counter `rerunfilecheck' on input line 2
82.
)
\Hy@SectionHShift=\skip43
)
(/usr/share/texlive/texmf-dist/tex/latex/graphics/graphicx.sty
Package: graphicx 2017/06/01 v1.1a Enhanced LaTeX Graphics (DPC,SPQR)

(/usr/share/texlive/texmf-dist/tex/latex/graphics/graphics.sty
Package: graphics 2017/06/25 v1.2c Standard LaTeX Graphics (DPC,SPQR)

(/usr/share/texlive/texmf-dist/tex/latex/graphics/trig.sty
Package: trig 2016/01/03 v1.10 sin cos tan (DPC)
)
(/usr/share/texlive/texmf-dist/tex/latex/graphics-cfg/graphics.cfg
File: graphics.cfg 2016/06/04 v1.11 sample graphics configuration
)
Package graphics Info: Driver file: pdftex.def on input line 99.

(/usr/share/texlive/texmf-dist/tex/latex/graphics-def/pdftex.def
File: pdftex.def 2018/01/08 v1.0l Graphics/color driver for pdftex
))
\Gin@req@height=\dimen115
\Gin@req@width=\dimen116
)
(/usr/share/texlive/texmf-dist/tex/latex/pdfpages/pdfpages.sty
Package: pdfpages 2017/10/31 v0.5l Insert pages of external PDF documents (AM)

(/usr/share/texlive/texmf-dist/tex/latex/base/ifthen.sty
Package: ifthen 2014/09/29 v1.1c Standard LaTeX ifthen package (DPC)
)
(/usr/share/texlive/texmf-dist/tex/latex/tools/calc.sty
Package: calc 2017/05/25 v4.3 Infix arithmetic (KKT,FJ)
\calc@Acount=\count101
\calc@Bcount=\count102
\calc@Adimen=\dimen117
\calc@Bdimen=\dimen118
\calc@Askip=\skip44
\calc@Bskip=\skip45
LaTeX Info: Redefining \setlength on input line 80.
LaTeX Info: Redefining \addtolength on input line 81.
\calc@Ccount=\count103
\calc@Cskip=\skip46
)
(/usr/share/texlive/texmf-dist/tex/latex/eso-pic/eso-pic.sty
Package: eso-pic 2018/04/12 v2.0h eso-pic (RN)

(/usr/share/texlive/texmf-dist/tex/latex/xcolor/xcolor.sty
Package: xcolor 2016/05/11 v2.12 LaTeX color extensions (UK)

(/usr/share/texlive/texmf-dist/tex/latex/graphics-cfg/color.cfg
File: color.cfg 2016/01/02 v1.6 sample color configuration
)
Package xcolor Info: Driver file: pdftex.def on input line 225.
Package xcolor Info: Model `cmy' substituted by `cmy0' on input line 1348.
Package xcolor Info: Model `hsb' substituted by `rgb' on input line 1352.
Package xcolor Info: Model `RGB' extended on input line 1364.
Package xcolor Info: Model `HTML' substituted by `rgb' on input line 1366.
Package xcolor Info: Model `Hsb' substituted by `hsb' on input line 1367.
Package xcolor Info: Model `tHsb' substituted by `hsb' on input line 1368.
Package xcolor Info: Model `HSB' substituted by `hsb' on input line 1369.
Package xcolor Info: Model `Gray' substituted by `gray' on input line 1370.
Package xcolor Info: Model `wave' substituted by `hsb' on input line 1371.
))
\AM@pagewidth=\dimen119
\AM@pageheight=\dimen120

(/usr/share/texlive/texmf-dist/tex/latex/pdfpages/pppdftex.def
File: pppdftex.def 2017/10/31 v0.5l Pdfpages driver for pdfTeX (AM)
)
\AM@pagebox=\box26
\AM@global@opts=\toks18
\AM@toc@title=\toks19
\c@AM@survey=\count104
\AM@templatesizebox=\box27
)
(/usr/share/texlive/texmf-dist/tex/latex/tools/array.sty
Package: array 2018/04/30 v2.4h Tabular extension package (FMi)
\col@sep=\dimen121
\ar@mcellbox=\box28
\extrarowheight=\dimen122
\NC@list=\toks20
\extratabsurround=\skip47
\backup@length=\skip48
\ar@cellbox=\box29
)
(/usr/share/texlive/texmf-dist/tex/latex/enumitem/enumitem.sty
Package: enumitem 2011/09/28 v3.5.2 Customized lists
\labelindent=\skip49
\enit@outerparindent=\dimen123
\enit@toks=\toks21
\enit@inbox=\box30
\enitdp@description=\count105
)) (./manual.aux)
\openout1 = `manual.aux'.

LaTeX Font Info:    Checking defaults for OML/cmm/m/it on input line 7.
LaTeX Font Info:    ... okay on input line 7.
LaTeX Font Info:    Checking defaults for T1/cmr/m/n on input line 7.
LaTeX Font Info:    ... okay on input line 7.
LaTeX Font Info:    Checking defaults for OT1/cmr/m/n on input line 7.
LaTeX Font Info:    ... okay on input line 7.
LaTeX Font Info:    Checking defaults for OMS/cmsy/m/n on input line 7.
LaTeX Font Info:    ... okay on input line 7.
LaTeX Font Info:    Checking defaults for OMX/cmex/m/n on input line 7.
LaTeX Font Info:    ... okay on input line 7.
LaTeX Font Info:    Checking defaults for U/cmr/m/n on input line 7.
LaTeX Font Info:    ... okay on input line 7.
LaTeX Font Info:    Checking defaults for PD1/pdf/m/n on input line 7.
LaTeX Font Info:    ... okay on input line 7.
*geometry* driver: auto-detecting
*geometry* detected driver: pdftex
*geometry* verbose mode - [ preamble ] result:
* driver: pdftex
* paper: letterpaper
* layout: <same size as paper>
* layoutoffset:(h,v)=(0.0pt,0.0pt)
* modes: 
* h-part:(L,W,R)=(72.26999pt, 469.75502pt, 72.26999pt)
* v-part:(T,H,B)=(72.26999pt, 650.43001pt, 72.26999pt)
* \paperwidth=614.295pt
* \paperheight=794.96999pt
* \textwidth=469.75502pt
* \textheight=650.43001pt
* \oddsidemargin=0.0pt
* \evensidemargin=0.0pt
* \topmargin=-37.0pt
* \headheight=12.0pt
* \headsep=25.0pt
* \topskip=10.0pt
* \footskip=30.0pt
* \marginparwidth=65.0pt
* \marginparsep=11.0pt
* \columnsep=10.0pt
* \skip\footins=9.0pt plus 4.0pt minus 2.0pt
* \hoffset=0.0pt
* \voffset=0.0pt
* \mag=1000
* \@twocolumnfalse
* \@twosidefalse
* \@mparswitchfalse
* \@reversemarginfalse
* (1in=72.27pt=25.4mm, 1cm=28.453pt)

\AtBeginShipoutBox=\box31
Package hyperref Info: Link coloring ON on input line 7.
(/usr/share/texlive/texmf-dist/tex/latex/hyperref/nameref.sty
Package: nameref 2016/05/21 v2.44 Cross-referencing by name of section

(/usr/share/texlive/texmf-dist/tex/generic/oberdiek/gettitlestring.sty
Package: gettitlestring 2016/05/16 v1.5 Cleanup title references (HO)
)
\c@section@level=\count106
)
LaTeX Info: Redefining \ref on input line 7.
LaTeX Info: Redefining \pageref on input line 7.
LaTeX Info: Redefining \nameref on input line 7.

(./manual.out) (./manual.out)
\@outlinefile=\write3
\openout3 = `manual.out'.


(/usr/share/texlive/texmf-dist/tex/context/base/mkii/supp-pdf.mkii
[Loading MPS to PDF converter (version 2006.09.02).]
\scratchcounter=\count107
\scratchdimen=\dimen124
\scratchbox=\box32
\nofMPsegments=\count108
\nofMParguments=\count109
\everyMPshowfont=\toks22
\MPscratchCnt=\count110
\MPscratchDim=\dimen125
\MPnumerator=\count111
\makeMPintoPDFobject=\count112
\everyMPtoPDFconversion=\toks23
) (/usr/share/texlive/texmf-dist/tex/latex/oberdiek/epstopdf-base.sty
Package: epstopdf-base 2016/05/15 v2.6 Base part for package epstopdf

(/usr/share/texlive/texmf-dist/tex/latex/oberdiek/grfext.sty
Package: grfext 2016/05/16 v1.2 Manage graphics extensions (HO)
)
Package epstopdf-base Info: Redefining graphics rule for `.eps' on input line 4
38.
Package grfext Info: Graphics extension search list:
(grfext)             [.pdf,.png,.jpg,.mps,.jpeg,.jbig2,.jb2,.PDF,.PNG,.JPG,.JPE
G,.JBIG2,.JB2,.eps]
(grfext)             \AppendGraphicsExtensions on input line 456.

(/usr/share/texlive/texmf-dist/tex/latex/latexconfig/epstopdf-sys.cfg
File: epstopdf-sys.cfg 2010/07/13 v1.3 Configuration of (r)epstopdf for TeX Liv
e
))
(/usr/share/texlive/texmf-dist/tex/latex/oberdiek/pdflscape.sty
Package: pdflscape 2016/05/14 v0.11 Display of landscape pages in PDF (HO)

(/usr/share/texlive/texmf-dist/tex/latex/graphics/lscape.sty
Package: lscape 2000/10/22 v3.01 Landscape Pages (DPC)
)
Package pdflscape Info: Auto-detected driver: pdftex on input line 81.
)
LaTeX Font Info:    External font `cmex10' loaded for size
(Font)              <12> on input line 10.
LaTeX Font Info:    External font `cmex10' loaded for size
(Font)              <8> on input line 10.
LaTeX Font Info:    External font `cmex10' loaded for size
(Font)              <6> on input line 10.
<../pictures/2018-11-14_104721.jpg, id=20, 2039.62pt x 2039.62pt>
File: ../pictures/2018-11-14_104721.jpg Graphic file (type jpg)
<use ../pictures/2018-11-14_104721.jpg>
Package pdftex.def Info: ../pictures/2018-11-14_104721.jpg  used on input line 
13.
(pdftex.def)             Requested size: 352.31625pt x 352.30167pt.
 [1

{/var/lib/texmf/fonts/map/pdftex/updmap/pdftex.map} <../pictures/2018-11-14_104
721.jpg>]
LaTeX Font Info:    External font `cmex10' loaded for size
(Font)              <7> on input line 31.
LaTeX Font Info:    External font `cmex10' loaded for size
(Font)              <5> on input line 31.

[1

]
<../data/2018-11-13/setpoint.png, id=40, 462.528pt x 346.896pt>
File: ../data/2018-11-13/setpoint.png Graphic file (type png)
<use ../data/2018-11-13/setpoint.png>
Package pdftex.def Info: ../data/2018-11-13/setpoint.png  used on input line 48
.
(pdftex.def)             Requested size: 469.75502pt x 352.33655pt.
 [2 <../data/2018-11-13/setpoint.png>]
<../data/2018-11-14/load.png, id=47, 462.528pt x 346.896pt>
File: ../data/2018-11-14/load.png Graphic file (type png)
<use ../data/2018-11-14/load.png>
Package pdftex.def Info: ../data/2018-11-14/load.png  used on input line 63.
(pdftex.def)             Requested size: 469.75502pt x 352.33655pt.
 [3 <../data/2018-11-14/load.png>]
[4





] [5

]
Overfull \hbox (2.6029pt too wide) in paragraph at lines 130--130
 []||
 []


Overfull \hbox (7.60292pt too wide) in paragraph at lines 131--131
 []|\OT1/cmss/m/n/10 1|
 []


Overfull \hbox (7.60292pt too wide) in paragraph at lines 132--132
 []|\OT1/cmss/m/n/10 1|
 []


Overfull \hbox (7.60292pt too wide) in paragraph at lines 133--133
 []|\OT1/cmss/m/n/10 1|
 []


Overfull \hbox (7.60292pt too wide) in paragraph at lines 134--134
 []|\OT1/cmss/m/n/10 1|
 []


Overfull \hbox (7.60292pt too wide) in paragraph at lines 135--135
 []|\OT1/cmss/m/n/10 1|
 []


Overfull \hbox (7.60292pt too wide) in paragraph at lines 136--136
 []|\OT1/cmss/m/n/10 1|
 []


Overfull \hbox (7.60292pt too wide) in paragraph at lines 137--137
 []|\OT1/cmss/m/n/10 2|
 []


Overfull \hbox (7.60292pt too wide) in paragraph at lines 138--138
 []|\OT1/cmss/m/n/10 2|
 []


Overfull \hbox (7.60292pt too wide) in paragraph at lines 139--139
 []|\OT1/cmss/m/n/10 1|
 []


Overfull \hbox (7.60292pt too wide) in paragraph at lines 140--140
 []|\OT1/cmss/m/n/10 1|
 []


Overfull \hbox (7.60292pt too wide) in paragraph at lines 141--141
 []|\OT1/cmss/m/n/10 1|
 []


Overfull \hbox (7.60292pt too wide) in paragraph at lines 142--142
 []|\OT1/cmss/m/n/10 1|
 []


Overfull \hbox (7.60292pt too wide) in paragraph at lines 143--143
 []|\OT1/cmss/m/n/10 1|
 []


Overfull \hbox (7.60292pt too wide) in paragraph at lines 144--144
 []|\OT1/cmss/m/n/10 2|
 []


Overfull \hbox (7.60292pt too wide) in paragraph at lines 145--145
 []|\OT1/cmss/m/n/10 4|
 []


Overfull \hbox (7.60292pt too wide) in paragraph at lines 146--146
 []|\OT1/cmss/m/n/10 4|
 []


Overfull \hbox (7.60292pt too wide) in paragraph at lines 147--147
 []|\OT1/cmss/m/n/10 1|
 []


Overfull \hbox (7.60292pt too wide) in paragraph at lines 148--148
 []|\OT1/cmss/m/n/10 1|
 []


Overfull \hbox (7.60292pt too wide) in paragraph at lines 149--149
 []|\OT1/cmss/m/n/10 1|
 []


Overfull \hbox (7.60292pt too wide) in paragraph at lines 150--150
 []|\OT1/cmss/m/n/10 3|
 []


Overfull \hbox (7.60292pt too wide) in paragraph at lines 151--151
 []|\OT1/cmss/m/n/10 5|
 []


Overfull \hbox (7.60292pt too wide) in paragraph at lines 152--152
 []|\OT1/cmss/m/n/10 1|
 []


Overfull \hbox (7.60292pt too wide) in paragraph at lines 153--153
 []|\OT1/cmss/m/n/10 1|
 []


Overfull \hbox (7.60292pt too wide) in paragraph at lines 154--154
 []|\OT1/cmss/m/n/10 1|
 []


Overfull \hbox (7.60292pt too wide) in paragraph at lines 155--155
 []|\OT1/cmss/m/n/10 3|
 []

<../PCB/schematic.pdf, id=65, 614.295pt x 794.97pt>
File: ../PCB/schematic.pdf Graphic file (type pdf)
<use ../PCB/schematic.pdf>
Package pdftex.def Info: ../PCB/schematic.pdf  used on input line 158.
(pdftex.def)             Requested size: 614.29349pt x 794.96806pt.
File: ../PCB/schematic.pdf Graphic file (type pdf)
<use ../PCB/schematic.pdf>
Package pdftex.def Info: ../PCB/schematic.pdf  used on input line 158.
(pdftex.def)             Requested size: 614.29349pt x 794.96806pt.
<../PCB/schematic.pdf, id=68, page=1, 614.295pt x 794.97pt>
File: ../PCB/schematic.pdf Graphic file (type pdf)
<use ../PCB/schematic.pdf, page 1>
Package pdftex.def Info: ../PCB/schematic.pdf , page1 used on input line 158.
(pdftex.def)             Requested size: 614.29349pt x 794.96806pt.
File: ../PCB/schematic.pdf Graphic file (type pdf)
<use ../PCB/schematic.pdf, page 1>
Package pdftex.def Info: ../PCB/schematic.pdf , page1 used on input line 158.
(pdftex.def)             Requested size: 614.29349pt x 794.96806pt.
[6

]
File: ../PCB/schematic.pdf Graphic file (type pdf)
<use ../PCB/schematic.pdf, page 1>
Package pdftex.def Info: ../PCB/schematic.pdf , page1 used on input line 158.
(pdftex.def)             Requested size: 614.29349pt x 794.96806pt.
File: ../PCB/schematic.pdf Graphic file (type pdf)
<use ../PCB/schematic.pdf, page 1>
Package pdftex.def Info: ../PCB/schematic.pdf , page1 used on input line 158.
(pdftex.def)             Requested size: 614.29349pt x 794.96806pt.
File: ../PCB/schematic.pdf Graphic file (type pdf)
<use ../PCB/schematic.pdf, page 1>
Package pdftex.def Info: ../PCB/schematic.pdf , page1 used on input line 158.
(pdftex.def)             Requested size: 614.29349pt x 794.96806pt.
 [7 <../PCB/schematic.pdf>]
<../PCB/pcb.pdf, id=80, 614.295pt x 794.97pt>
File: ../PCB/pcb.pdf Graphic file (type pdf)
<use ../PCB/pcb.pdf>
Package pdftex.def Info: ../PCB/pcb.pdf  used on input line 159.
(pdftex.def)             Requested size: 614.29349pt x 794.96806pt.
File: ../PCB/pcb.pdf Graphic file (type pdf)
<use ../PCB/pcb.pdf>
Package pdftex.def Info: ../PCB/pcb.pdf  used on input line 159.
(pdftex.def)             Requested size: 614.29349pt x 794.96806pt.
<../PCB/pcb.pdf, id=83, page=1, 614.295pt x 794.97pt>
File: ../PCB/pcb.pdf Graphic file (type pdf)
<use ../PCB/pcb.pdf, page 1>
Package pdftex.def Info: ../PCB/pcb.pdf , page1 used on input line 159.
(pdftex.def)             Requested size: 614.29349pt x 794.96806pt.
File: ../PCB/pcb.pdf Graphic file (type pdf)
<use ../PCB/pcb.pdf, page 1>
Package pdftex.def Info: ../PCB/pcb.pdf , page1 used on input line 159.
(pdftex.def)             Requested size: 614.29349pt x 794.96806pt.
File: ../PCB/pcb.pdf Graphic file (type pdf)
<use ../PCB/pcb.pdf, page 1>
Package pdftex.def Info: ../PCB/pcb.pdf , page1 used on input line 159.
(pdftex.def)             Requested size: 614.29349pt x 794.96806pt.
File: ../PCB/pcb.pdf Graphic file (type pdf)
<use ../PCB/pcb.pdf, page 1>
Package pdftex.def Info: ../PCB/pcb.pdf , page1 used on input line 159.
(pdftex.def)             Requested size: 614.29349pt x 794.96806pt.
File: ../PCB/pcb.pdf Graphic file (type pdf)
<use ../PCB/pcb.pdf, page 1>
Package pdftex.def Info: ../PCB/pcb.pdf , page1 used on input line 159.
(pdftex.def)             Requested size: 614.29349pt x 794.96806pt.
 [8 <../PCB/pcb.pdf>]
<../PCB/front.pdf, id=3324, 614.295pt x 794.97pt>
File: ../PCB/front.pdf Graphic file (type pdf)
<use ../PCB/front.pdf>
Package pdftex.def Info: ../PCB/front.pdf  used on input line 160.
(pdftex.def)             Requested size: 614.29349pt x 794.96806pt.
File: ../PCB/front.pdf Graphic file (type pdf)
<use ../PCB/front.pdf>
Package pdftex.def Info: ../PCB/front.pdf  used on input line 160.
(pdftex.def)             Requested size: 614.29349pt x 794.96806pt.
<../PCB/front.pdf, id=3327, page=1, 614.295pt x 794.97pt>
File: ../PCB/front.pdf Graphic file (type pdf)
<use ../PCB/front.pdf, page 1>
Package pdftex.def Info: ../PCB/front.pdf , page1 used on input line 160.
(pdftex.def)             Requested size: 614.29349pt x 794.96806pt.
File: ../PCB/front.pdf Graphic file (type pdf)
<use ../PCB/front.pdf, page 1>
Package pdftex.def Info: ../PCB/front.pdf , page1 used on input line 160.
(pdftex.def)             Requested size: 614.29349pt x 794.96806pt.
File: ../PCB/front.pdf Graphic file (type pdf)
<use ../PCB/front.pdf, page 1>
Package pdftex.def Info: ../PCB/front.pdf , page1 used on input line 160.
(pdftex.def)             Requested size: 614.29349pt x 794.96806pt.
File: ../PCB/front.pdf Graphic file (type pdf)
<use ../PCB/front.pdf, page 1>
Package pdftex.def Info: ../PCB/front.pdf , page1 used on input line 160.
(pdftex.def)             Requested size: 614.29349pt x 794.96806pt.
File: ../PCB/front.pdf Graphic file (type pdf)
<use ../PCB/front.pdf, page 1>
Package pdftex.def Info: ../PCB/front.pdf , page1 used on input line 160.
(pdftex.def)             Requested size: 614.29349pt x 794.96806pt.
 [9 <../PCB/front.pdf>]
<../PCB/back.pdf, id=3334, 614.295pt x 794.97pt>
File: ../PCB/back.pdf Graphic file (type pdf)
<use ../PCB/back.pdf>
Package pdftex.def Info: ../PCB/back.pdf  used on input line 161.
(pdftex.def)             Requested size: 614.29349pt x 794.96806pt.
File: ../PCB/back.pdf Graphic file (type pdf)
<use ../PCB/back.pdf>
Package pdftex.def Info: ../PCB/back.pdf  used on input line 161.
(pdftex.def)             Requested size: 614.29349pt x 794.96806pt.
<../PCB/back.pdf, id=3337, page=1, 614.295pt x 794.97pt>
File: ../PCB/back.pdf Graphic file (type pdf)
<use ../PCB/back.pdf, page 1>
Package pdftex.def Info: ../PCB/back.pdf , page1 used on input line 161.
(pdftex.def)             Requested size: 614.29349pt x 794.96806pt.
File: ../PCB/back.pdf Graphic file (type pdf)
<use ../PCB/back.pdf, page 1>
Package pdftex.def Info: ../PCB/back.pdf , page1 used on input line 161.
(pdftex.def)             Requested size: 614.29349pt x 794.96806pt.
File: ../PCB/back.pdf Graphic file (type pdf)
<use ../PCB/back.pdf, page 1>
Package pdftex.def Info: ../PCB/back.pdf , page1 used on input line 161.
(pdftex.def)             Requested size: 614.29349pt x 794.96806pt.
File: ../PCB/back.pdf Graphic file (type pdf)
<use ../PCB/back.pdf, page 1>
Package pdftex.def Info: ../PCB/back.pdf , page1 used on input line 161.
(pdftex.def)             Requested size: 614.29349pt x 794.96806pt.
File: ../PCB/back.pdf Graphic file (type pdf)
<use ../PCB/back.pdf, page 1>
Package pdftex.def Info: ../PCB/back.pdf , page1 used on input line 161.
(pdftex.def)             Requested size: 614.29349pt x 794.96806pt.

[10 <../PCB/back.pdf>]
Package atveryend Info: Empty hook `BeforeClearDocument' on input line 163.
Package atveryend Info: Empty hook `AfterLastShipout' on input line 163.
 (./manual.aux)
Package atveryend Info: Executing hook `AtVeryEndDocument' on input line 163.
Package atveryend Info: Executing hook `AtEndAfterFileList' on input line 163.
Package rerunfilecheck Info: File `manual.out' has not changed.
(rerunfilecheck)             Checksum: 819121A76836632F21F921624F0A6D60;207.
Package atveryend Info: Empty hook `AtVeryVeryEnd' on input line 163.
 ) 
Here is how much of TeX's memory you used:
 7087 strings out of 492638
 105397 string characters out of 6131709
 222107 words of memory out of 5000000
 10877 multiletter control sequences out of 15000+600000
 8189 words of font info for 29 fonts, out of 8000000 for 9000
 1141 hyphenation exceptions out of 8191
 44i,20n,48p,589b,460s stack positions out of 5000i,500n,10000p,200000b,80000s
</usr/share/texlive/texmf-dist/fonts/type1/public/amsfonts/cm/cmmi10.pfb></us
r/share/texlive/texmf-dist/fonts/type1/public/amsfonts/cm/cmr10.pfb></usr/share
/texlive/texmf-dist/fonts/type1/public/amsfonts/cm/cmss10.pfb></usr/share/texli
ve/texmf-dist/fonts/type1/public/amsfonts/cm/cmss12.pfb></usr/share/texlive/tex
mf-dist/fonts/type1/public/amsfonts/cm/cmss17.pfb></usr/share/texlive/texmf-dis
t/fonts/type1/public/amsfonts/cm/cmssbx10.pfb></usr/share/texlive/texmf-dist/fo
nts/type1/public/amsfonts/cm/cmsy10.pfb>
Output written on manual.pdf (11 pages, 1205646 bytes).
PDF statistics:
 3375 PDF objects out of 3580 (max. 8388607)
 1938 compressed objects within 20 object streams
 18 named destinations out of 1000 (max. 500000)
 128 words of extra memory for PDF output out of 10000 (max. 10000000)

